<?xml version="1.0" encoding="utf-8"?><testsuites name="pytest tests"><testsuite name="pytest" errors="0" failures="0" skipped="0" tests="17" time="2.499" timestamp="2026-07-29T09:17:56.117704+00:00" hostname="agent-env-70b14627-2510-4f0b-a51c-660e515346a0"><testcase classname="tests.backend_test.TestScoreValidation" name="test_empty_username_returns_400" time="0.216" /><testcase classname="tests.backend_test.TestScoreSubmissionPersistence" name="test_submit_score_success" time="0.600" /><testcase classname="tests.backend_test.TestScoreValidation" name="test_whitespace_username_returns_400" time="0.042" /><testcase classname="tests.backend_test.TestScoreValidation" name="test_username_less_than_2_chars_returns_400" time="0.041" /><testcase classname="tests.backend_test.TestScoreValidation" name="test_negative_score_returns_400" time="0.043" /><testcase classname="tests.backend_test.TestScoreValidation" name="test_missing_fields_returns_422" time="0.042" /><testcase classname="tests.backend_test.TestScoreValidation" name="test_zero_score_is_valid" time="0.083" /><testcase classname="tests.backend_test.TestTopScores" name="test_get_top_scores_sorted_desc" time="0.470" /><testcase classname="tests.backend_test.TestScoreSubmissionPersistence" name="test_multiple_scores_high_score_is_max" time="0.593" /><testcase classname="tests.backend_test.TestTopScores" name="test_top_scores_limit_param" time="0.042" /><testcase classname="tests.backend_test.TestTopScores" name="test_top_scores_default_limit" time="0.043" /><testcase classname="tests.backend_test.TestHealth" name="test_root_health" time="0.044" /><testcase classname="tests.backend_test.TestGlobalStats" name="test_global_stats_shape_and_growth" time="0.466" /><testcase classname="tests.backend_test.TestScoreSubmissionPersistence" name="test_username_whitespace_is_trimmed" time="0.089" /><testcase classname="tests.backend_test.TestUserStats" name="test_nonexistent_user_returns_zero_values" time="0.043" /><testcase classname="tests.backend_test.TestUserStats" name="test_rank_is_based_on_best_score" time="0.649" /><testcase classname="tests.backend_test" name="test_zzz_cleanup_test_data" time="0.088" /></testsuite></testsuites>